#! /usr/bin/vvp
:ivl_version "10.1 (stable)";
:ivl_delay_selection "TYPICAL";
:vpi_time_precision + 0;
:vpi_module "system";
:vpi_module "vhdl_sys";
:vpi_module "v2005_math";
:vpi_module "va_math";
S_0x5582c0615130 .scope module, "testbench" "testbench" 2 1;
 .timescale 0 0;
v0x5582c063d790_0 .var "clk", 0 0;
S_0x5582c06152b0 .scope module, "mipstest" "datapath" 2 5, 3 1 0, S_0x5582c0615130;
 .timescale 0 0;
    .port_info 0 /INPUT 1 "clk"
v0x5582c063c230_0 .net "ALU_result", 31 0, v0x5582c06103b0_0;  1 drivers
RS_0x7f84ea9ed048 .resolv tri, v0x5582c0613380_0, v0x5582c063b930_0;
v0x5582c063c310_0 .net8 "Branch", 0 0, RS_0x7f84ea9ed048;  2 drivers
v0x5582c063c3d0_0 .net "MemRead", 0 0, v0x5582c063b9f0_0;  1 drivers
v0x5582c063c4a0_0 .net "MemWrite", 0 0, v0x5582c063ba90_0;  1 drivers
v0x5582c063c570_0 .var "PC", 31 0;
v0x5582c063c660_0 .net "RegRead", 0 0, v0x5582c063bb60_0;  1 drivers
v0x5582c063c750_0 .net "RegWrite", 0 0, v0x5582c063bc30_0;  1 drivers
v0x5582c063c7f0_0 .net "address", 25 0, v0x5582c063a7b0_0;  1 drivers
v0x5582c063c890_0 .net "clk", 0 0, v0x5582c063d790_0;  1 drivers
v0x5582c063c9c0_0 .net "funct", 5 0, v0x5582c063a8b0_0;  1 drivers
v0x5582c063ca60_0 .net "immediate", 15 0, v0x5582c063a970_0;  1 drivers
v0x5582c063cb90_0 .net "instruction", 31 0, v0x5582c063a240_0;  1 drivers
o0x7f84ea9ed408 .functor BUFZ 1, C4<z>; HiZ drive
v0x5582c063cc30_0 .net "memRead", 0 0, o0x7f84ea9ed408;  0 drivers
o0x7f84ea9ed438 .functor BUFZ 1, C4<z>; HiZ drive
v0x5582c063ccd0_0 .net "memWrite", 0 0, o0x7f84ea9ed438;  0 drivers
v0x5582c063cd70_0 .net "mem_read_data", 31 0, v0x5582c0638c70_0;  1 drivers
v0x5582c063ce60_0 .net "opcode", 5 0, v0x5582c063aae0_0;  1 drivers
v0x5582c063cf00_0 .net "rd", 4 0, v0x5582c063abd0_0;  1 drivers
o0x7f84ea9ed6d8 .functor BUFZ 1, C4<z>; HiZ drive
v0x5582c063cff0_0 .net "regWrite", 0 0, o0x7f84ea9ed6d8;  0 drivers
v0x5582c063d090_0 .net "rs", 4 0, v0x5582c063ac90_0;  1 drivers
v0x5582c063d180_0 .net "rs_reg", 31 0, v0x5582c0639530_0;  1 drivers
v0x5582c063d290_0 .net "rt", 4 0, v0x5582c063ad60_0;  1 drivers
v0x5582c063d3a0_0 .net "rt_rd", 0 0, v0x5582c063bf80_0;  1 drivers
v0x5582c063d490_0 .net "rt_reg", 31 0, v0x5582c0639620_0;  1 drivers
v0x5582c063d550_0 .net "toReg", 0 0, v0x5582c063c020_0;  1 drivers
v0x5582c063d640_0 .net "writeData", 31 0, v0x5582c063b450_0;  1 drivers
S_0x5582c05f0f60 .scope module, "ALUop" "ALU" 3 33, 4 1 0, S_0x5582c06152b0;
 .timescale 0 0;
    .port_info 0 /INPUT 6 "opcode"
    .port_info 1 /INPUT 32 "rs_reg"
    .port_info 2 /INPUT 32 "rt_reg"
    .port_info 3 /INPUT 16 "immediate"
    .port_info 4 /OUTPUT 1 "Branch"
    .port_info 5 /INPUT 6 "funct"
    .port_info 6 /OUTPUT 32 "ALU_result"
v0x5582c06103b0_0 .var "ALU_result", 31 0;
v0x5582c0613380_0 .var "Branch", 0 0;
v0x5582c06137d0_0 .var/s "BranchAdd", 31 0;
v0x5582c0637af0_0 .var/s "Sext_imm", 31 0;
v0x5582c0637bd0_0 .var/s "Srs_reg", 31 0;
v0x5582c0637cb0_0 .var/s "Srt_reg", 31 0;
v0x5582c0637d90_0 .var/s "Zext_imm", 31 0;
v0x5582c0637e70_0 .net "funct", 5 0, v0x5582c063a8b0_0;  alias, 1 drivers
v0x5582c0637f50_0 .net "immediate", 15 0, v0x5582c063a970_0;  alias, 1 drivers
v0x5582c0638030_0 .net "opcode", 5 0, v0x5582c063aae0_0;  alias, 1 drivers
v0x5582c0638110_0 .net "rs_reg", 31 0, v0x5582c0639530_0;  alias, 1 drivers
v0x5582c06381f0_0 .net "rt_reg", 31 0, v0x5582c0639620_0;  alias, 1 drivers
E_0x5582c05b88e0/0 .event edge, v0x5582c0637f50_0, v0x5582c06381f0_0, v0x5582c0638110_0, v0x5582c0637e70_0;
E_0x5582c05b88e0/1 .event edge, v0x5582c0638030_0;
E_0x5582c05b88e0 .event/or E_0x5582c05b88e0/0, E_0x5582c05b88e0/1;
S_0x5582c06383b0 .scope module, "MemOperations" "DataMemory" 3 31, 5 1 0, S_0x5582c06152b0;
 .timescale 0 0;
    .port_info 0 /INPUT 32 "ALU_result"
    .port_info 1 /INPUT 32 "rt_reg"
    .port_info 2 /INPUT 6 "opcode"
    .port_info 3 /INPUT 1 "memRead"
    .port_info 4 /INPUT 1 "memWrite"
    .port_info 5 /INPUT 1 "clk"
    .port_info 6 /INPUT 16 "immediate"
    .port_info 7 /OUTPUT 32 "out"
v0x5582c06385e0_0 .net "ALU_result", 31 0, v0x5582c06103b0_0;  alias, 1 drivers
v0x5582c06386c0_0 .var/s "Sext_imm", 31 0;
v0x5582c0638780_0 .net "clk", 0 0, v0x5582c063d790_0;  alias, 1 drivers
v0x5582c0638850_0 .net "immediate", 15 0, v0x5582c063a970_0;  alias, 1 drivers
v0x5582c0638940_0 .net "memRead", 0 0, o0x7f84ea9ed408;  alias, 0 drivers
v0x5582c0638a30_0 .net "memWrite", 0 0, o0x7f84ea9ed438;  alias, 0 drivers
v0x5582c0638af0 .array "memory", 255 0, 7 0;
v0x5582c0638bb0_0 .net "opcode", 5 0, v0x5582c063aae0_0;  alias, 1 drivers
v0x5582c0638c70_0 .var "out", 31 0;
v0x5582c0638d30_0 .net "rt_reg", 31 0, v0x5582c0639620_0;  alias, 1 drivers
E_0x5582c05b8fc0 .event edge, v0x5582c06103b0_0;
E_0x5582c05b8da0 .event negedge, v0x5582c0638780_0;
S_0x5582c0638f00 .scope module, "RegOperations" "Registers" 3 29, 6 1 0, S_0x5582c06152b0;
 .timescale 0 0;
    .port_info 0 /INPUT 32 "pc"
    .port_info 1 /INPUT 5 "read1"
    .port_info 2 /INPUT 5 "read2"
    .port_info 3 /INPUT 5 "writeAdd"
    .port_info 4 /INPUT 6 "opcode"
    .port_info 5 /INPUT 16 "immediate"
    .port_info 6 /INPUT 1 "regWrite"
    .port_info 7 /INPUT 1 "RegRead"
    .port_info 8 /INPUT 32 "writeData"
    .port_info 9 /OUTPUT 32 "out1"
    .port_info 10 /OUTPUT 32 "out2"
    .port_info 11 /INPUT 1 "clk"
    .port_info 12 /INPUT 1 "rt_rd"
v0x5582c0639150_0 .net "RegRead", 0 0, v0x5582c063bb60_0;  alias, 1 drivers
v0x5582c0639230_0 .net "clk", 0 0, v0x5582c063d790_0;  alias, 1 drivers
v0x5582c0639320_0 .net "immediate", 15 0, v0x5582c063a970_0;  alias, 1 drivers
v0x5582c0639440_0 .net "opcode", 5 0, v0x5582c063aae0_0;  alias, 1 drivers
v0x5582c0639530_0 .var "out1", 31 0;
v0x5582c0639620_0 .var "out2", 31 0;
v0x5582c0639710_0 .net "pc", 31 0, v0x5582c063c570_0;  1 drivers
v0x5582c06397f0_0 .net "read1", 4 0, v0x5582c063ac90_0;  alias, 1 drivers
v0x5582c06398d0_0 .net "read2", 4 0, v0x5582c063ad60_0;  alias, 1 drivers
v0x5582c0639a40_0 .net "regWrite", 0 0, o0x7f84ea9ed6d8;  alias, 0 drivers
v0x5582c0639b00 .array "registers", 31 0, 31 0;
v0x5582c0639bc0_0 .net "rt_rd", 0 0, v0x5582c063bf80_0;  alias, 1 drivers
v0x5582c0639c80_0 .net "writeAdd", 4 0, v0x5582c063abd0_0;  alias, 1 drivers
v0x5582c0639d60_0 .net "writeData", 31 0, v0x5582c063b450_0;  alias, 1 drivers
E_0x5582c05b8660 .event edge, v0x5582c06398d0_0, v0x5582c06397f0_0;
E_0x5582c0616b70 .event edge, v0x5582c0639d60_0;
E_0x5582c06390f0 .event posedge, v0x5582c0638780_0;
S_0x5582c0639fe0 .scope module, "getInstruction" "InstructionMemory" 3 25, 7 1 0, S_0x5582c06152b0;
 .timescale 0 0;
    .port_info 0 /INPUT 32 "pc"
    .port_info 1 /OUTPUT 32 "instruction"
v0x5582c063a240_0 .var "instruction", 31 0;
v0x5582c063a340 .array "mem", 255 0, 7 0;
v0x5582c063a400_0 .net "pc", 31 0, v0x5582c063c570_0;  alias, 1 drivers
E_0x5582c063a1c0 .event edge, v0x5582c0639710_0;
S_0x5582c063a4e0 .scope module, "processInstruction" "InstructionProcess" 3 27, 8 1 0, S_0x5582c06152b0;
 .timescale 0 0;
    .port_info 0 /INPUT 32 "instruction"
    .port_info 1 /OUTPUT 6 "opcode"
    .port_info 2 /OUTPUT 5 "rs"
    .port_info 3 /OUTPUT 5 "rt"
    .port_info 4 /OUTPUT 5 "rd"
    .port_info 5 /OUTPUT 6 "funct"
    .port_info 6 /OUTPUT 16 "immediate"
    .port_info 7 /OUTPUT 26 "address"
v0x5582c063a7b0_0 .var "address", 25 0;
v0x5582c063a8b0_0 .var "funct", 5 0;
v0x5582c063a970_0 .var "immediate", 15 0;
v0x5582c063aa10_0 .net "instruction", 31 0, v0x5582c063a240_0;  alias, 1 drivers
v0x5582c063aae0_0 .var "opcode", 5 0;
v0x5582c063abd0_0 .var "rd", 4 0;
v0x5582c063ac90_0 .var "rs", 4 0;
v0x5582c063ad60_0 .var "rt", 4 0;
E_0x5582c063a750 .event edge, v0x5582c063a240_0;
S_0x5582c063af60 .scope module, "regData" "MemToReg" 3 37, 9 1 0, S_0x5582c06152b0;
 .timescale 0 0;
    .port_info 0 /INPUT 1 "toReg"
    .port_info 1 /INPUT 32 "ALU_Result"
    .port_info 2 /INPUT 32 "mem_read"
    .port_info 3 /OUTPUT 32 "out"
v0x5582c063b190_0 .net "ALU_Result", 31 0, v0x5582c06103b0_0;  alias, 1 drivers
o0x7f84ea9edc48 .functor BUFZ 1, C4<z>; HiZ drive
v0x5582c063b2c0_0 .net "clk", 0 0, o0x7f84ea9edc48;  0 drivers
v0x5582c063b380_0 .net "mem_read", 31 0, v0x5582c0638c70_0;  alias, 1 drivers
v0x5582c063b450_0 .var "out", 31 0;
v0x5582c063b520_0 .net "toReg", 0 0, v0x5582c063c020_0;  alias, 1 drivers
E_0x5582c063b110 .event edge, v0x5582c063b520_0;
S_0x5582c063b690 .scope module, "signals" "ControlUnit" 3 35, 10 1 0, S_0x5582c06152b0;
 .timescale 0 0;
    .port_info 0 /OUTPUT 1 "RegWrite"
    .port_info 1 /OUTPUT 1 "RegRead"
    .port_info 2 /OUTPUT 1 "MemRead"
    .port_info 3 /OUTPUT 1 "MemWrite"
    .port_info 4 /OUTPUT 1 "Branch"
    .port_info 5 /OUTPUT 1 "toReg"
    .port_info 6 /OUTPUT 1 "rt_rd"
    .port_info 7 /INPUT 6 "opcode"
    .port_info 8 /INPUT 6 "funct"
v0x5582c063b930_0 .var "Branch", 0 0;
v0x5582c063b9f0_0 .var "MemRead", 0 0;
v0x5582c063ba90_0 .var "MemWrite", 0 0;
v0x5582c063bb60_0 .var "RegRead", 0 0;
v0x5582c063bc30_0 .var "RegWrite", 0 0;
v0x5582c063bd20_0 .net "funct", 5 0, v0x5582c063a8b0_0;  alias, 1 drivers
v0x5582c063be30_0 .net "opcode", 5 0, v0x5582c063aae0_0;  alias, 1 drivers
v0x5582c063bf80_0 .var "rt_rd", 0 0;
v0x5582c063c020_0 .var "toReg", 0 0;
E_0x5582c063b8b0 .event edge, v0x5582c0637e70_0, v0x5582c0638030_0;
    .scope S_0x5582c0639fe0;
T_0 ;
    %vpi_call 7 11 "$readmemb", "instructionMem.txt", v0x5582c063a340 {0 0 0};
    %end;
    .thread T_0;
    .scope S_0x5582c0639fe0;
T_1 ;
    %wait E_0x5582c063a1c0;
    %ix/getv 4, v0x5582c063a400_0;
    %load/vec4a v0x5582c063a340, 4;
    %load/vec4 v0x5582c063a400_0;
    %pad/u 33;
    %addi 1, 0, 33;
    %ix/vec4 4;
    %load/vec4a v0x5582c063a340, 4;
    %concat/vec4; draw_concat_vec4
    %load/vec4 v0x5582c063a400_0;
    %pad/u 33;
    %addi 2, 0, 33;
    %ix/vec4 4;
    %load/vec4a v0x5582c063a340, 4;
    %concat/vec4; draw_concat_vec4
    %load/vec4 v0x5582c063a400_0;
    %pad/u 33;
    %addi 3, 0, 33;
    %ix/vec4 4;
    %load/vec4a v0x5582c063a340, 4;
    %concat/vec4; draw_concat_vec4
    %store/vec4 v0x5582c063a240_0, 0, 32;
    %jmp T_1;
    .thread T_1, $push;
    .scope S_0x5582c063a4e0;
T_2 ;
    %wait E_0x5582c063a750;
    %load/vec4 v0x5582c063aa10_0;
    %parti/s 6, 26, 6;
    %store/vec4 v0x5582c063aae0_0, 0, 6;
    %load/vec4 v0x5582c063aae0_0;
    %cmpi/e 0, 0, 6;
    %jmp/0xz  T_2.0, 4;
    %load/vec4 v0x5582c063aa10_0;
    %parti/s 5, 21, 6;
    %store/vec4 v0x5582c063ac90_0, 0, 5;
    %load/vec4 v0x5582c063aa10_0;
    %parti/s 5, 16, 6;
    %store/vec4 v0x5582c063ad60_0, 0, 5;
    %load/vec4 v0x5582c063aa10_0;
    %parti/s 5, 11, 5;
    %store/vec4 v0x5582c063abd0_0, 0, 5;
    %load/vec4 v0x5582c063aa10_0;
    %parti/s 6, 0, 2;
    %store/vec4 v0x5582c063a8b0_0, 0, 6;
    %jmp T_2.1;
T_2.0 ;
    %load/vec4 v0x5582c063aae0_0;
    %pushi/vec4 2, 0, 6;
    %cmp/e;
    %flag_get/vec4 4;
    %load/vec4 v0x5582c063aae0_0;
    %pushi/vec4 3, 0, 6;
    %cmp/e;
    %flag_get/vec4 4;
    %or;
    %flag_set/vec4 8;
    %jmp/0xz  T_2.2, 8;
    %load/vec4 v0x5582c063aa10_0;
    %parti/s 26, 0, 2;
    %store/vec4 v0x5582c063a7b0_0, 0, 26;
    %jmp T_2.3;
T_2.2 ;
    %load/vec4 v0x5582c063aa10_0;
    %parti/s 5, 21, 6;
    %store/vec4 v0x5582c063ac90_0, 0, 5;
    %load/vec4 v0x5582c063aa10_0;
    %parti/s 5, 16, 6;
    %store/vec4 v0x5582c063ad60_0, 0, 5;
    %load/vec4 v0x5582c063aa10_0;
    %parti/s 16, 0, 2;
    %store/vec4 v0x5582c063a970_0, 0, 16;
T_2.3 ;
T_2.1 ;
    %jmp T_2;
    .thread T_2, $push;
    .scope S_0x5582c0638f00;
T_3 ;
    %vpi_call 6 35 "$readmemb", "registers.txt", v0x5582c0639b00 {0 0 0};
    %end;
    .thread T_3;
    .scope S_0x5582c0638f00;
T_4 ;
    %wait E_0x5582c06390f0;
    %load/vec4 v0x5582c0639440_0;
    %cmpi/e 3, 0, 6;
    %jmp/0xz  T_4.0, 4;
    %load/vec4 v0x5582c0639710_0;
    %addi 4, 0, 32;
    %ix/load 4, 31, 0;
    %flag_set/imm 4, 0;
    %store/vec4a v0x5582c0639b00, 4, 0;
T_4.0 ;
    %vpi_call 6 44 "$writememb", "registers.txt", v0x5582c0639b00 {0 0 0};
    %jmp T_4;
    .thread T_4;
    .scope S_0x5582c0638f00;
T_5 ;
    %wait E_0x5582c0616b70;
    %load/vec4 v0x5582c0639a40_0;
    %flag_set/vec4 8;
    %jmp/0xz  T_5.0, 8;
    %load/vec4 v0x5582c0639bc0_0;
    %flag_set/vec4 8;
    %jmp/0xz  T_5.2, 8;
    %load/vec4 v0x5582c0639440_0;
    %cmpi/e 32, 0, 6;
    %jmp/0xz  T_5.4, 4;
    %load/vec4 v0x5582c0639d60_0;
    %parti/s 8, 0, 2;
    %load/vec4 v0x5582c06398d0_0;
    %pad/u 7;
    %ix/vec4 4;
    %flag_mov 8, 4;
    %ix/load 5, 0, 0;
    %flag_set/imm 4, 0;
    %flag_or 4, 8;
    %store/vec4a v0x5582c0639b00, 4, 5;
    %jmp T_5.5;
T_5.4 ;
    %load/vec4 v0x5582c0639440_0;
    %cmpi/e 33, 0, 6;
    %jmp/0xz  T_5.6, 4;
    %load/vec4 v0x5582c0639d60_0;
    %parti/s 16, 0, 2;
    %load/vec4 v0x5582c06398d0_0;
    %pad/u 7;
    %ix/vec4 4;
    %flag_mov 8, 4;
    %ix/load 5, 0, 0;
    %flag_set/imm 4, 0;
    %flag_or 4, 8;
    %store/vec4a v0x5582c0639b00, 4, 5;
    %jmp T_5.7;
T_5.6 ;
    %load/vec4 v0x5582c0639440_0;
    %cmpi/e 15, 0, 6;
    %jmp/0xz  T_5.8, 4;
    %load/vec4 v0x5582c0639320_0;
    %concati/vec4 0, 0, 16;
    %load/vec4 v0x5582c06398d0_0;
    %pad/u 7;
    %ix/vec4 4;
    %store/vec4a v0x5582c0639b00, 4, 0;
    %jmp T_5.9;
T_5.8 ;
    %load/vec4 v0x5582c0639d60_0;
    %load/vec4 v0x5582c06398d0_0;
    %pad/u 7;
    %ix/vec4 4;
    %store/vec4a v0x5582c0639b00, 4, 0;
T_5.9 ;
T_5.7 ;
T_5.5 ;
    %jmp T_5.3;
T_5.2 ;
    %load/vec4 v0x5582c0639d60_0;
    %load/vec4 v0x5582c0639c80_0;
    %pad/u 7;
    %ix/vec4 4;
    %store/vec4a v0x5582c0639b00, 4, 0;
T_5.3 ;
T_5.0 ;
    %vpi_call 6 75 "$writememb", "registers.txt", v0x5582c0639b00 {0 0 0};
    %jmp T_5;
    .thread T_5, $push;
    .scope S_0x5582c0638f00;
T_6 ;
    %wait E_0x5582c05b8660;
    %load/vec4 v0x5582c0639150_0;
    %flag_set/vec4 8;
    %jmp/0xz  T_6.0, 8;
    %load/vec4 v0x5582c0639530_0;
    %load/vec4 v0x5582c06397f0_0;
    %pad/u 7;
    %ix/vec4 4;
    %store/vec4a v0x5582c0639b00, 4, 0;
    %load/vec4 v0x5582c0639620_0;
    %load/vec4 v0x5582c06398d0_0;
    %pad/u 7;
    %ix/vec4 4;
    %store/vec4a v0x5582c0639b00, 4, 0;
T_6.0 ;
    %jmp T_6;
    .thread T_6, $push;
    .scope S_0x5582c0638f00;
T_7 ;
    %vpi_call 6 86 "$monitor", "WriteData_registers: %b", v0x5582c0639d60_0 {0 0 0};
    %end;
    .thread T_7;
    .scope S_0x5582c06383b0;
T_8 ;
    %vpi_call 5 31 "$readmemb", "data_mem.txt", v0x5582c0638af0 {0 0 0};
    %end;
    .thread T_8;
    .scope S_0x5582c06383b0;
T_9 ;
    %wait E_0x5582c05b8da0;
    %load/vec4 v0x5582c0638850_0;
    %parti/s 1, 15, 5;
    %replicate 16;
    %load/vec4 v0x5582c0638850_0;
    %concat/vec4; draw_concat_vec4
    %store/vec4 v0x5582c06386c0_0, 0, 32;
    %load/vec4 v0x5582c0638a30_0;
    %flag_set/vec4 8;
    %jmp/0xz  T_9.0, 8;
    %load/vec4 v0x5582c0638bb0_0;
    %cmpi/e 40, 0, 6;
    %jmp/0xz  T_9.2, 4;
    %load/vec4 v0x5582c0638d30_0;
    %parti/s 8, 0, 2;
    %ix/getv 4, v0x5582c06385e0_0;
    %store/vec4a v0x5582c0638af0, 4, 0;
    %jmp T_9.3;
T_9.2 ;
    %load/vec4 v0x5582c0638bb0_0;
    %cmpi/e 41, 0, 6;
    %jmp/0xz  T_9.4, 4;
    %load/vec4 v0x5582c0638d30_0;
    %parti/s 8, 8, 5;
    %ix/getv 4, v0x5582c06385e0_0;
    %store/vec4a v0x5582c0638af0, 4, 0;
    %load/vec4 v0x5582c0638d30_0;
    %parti/s 8, 0, 2;
    %load/vec4 v0x5582c06385e0_0;
    %pad/u 33;
    %addi 1, 0, 33;
    %ix/vec4 4;
    %store/vec4a v0x5582c0638af0, 4, 0;
    %jmp T_9.5;
T_9.4 ;
    %load/vec4 v0x5582c0638bb0_0;
    %cmpi/e 43, 0, 6;
    %jmp/0xz  T_9.6, 4;
    %load/vec4 v0x5582c0638d30_0;
    %parti/s 8, 24, 6;
    %ix/getv 4, v0x5582c06385e0_0;
    %store/vec4a v0x5582c0638af0, 4, 0;
    %load/vec4 v0x5582c0638d30_0;
    %parti/s 8, 16, 6;
    %load/vec4 v0x5582c06385e0_0;
    %pad/u 33;
    %addi 1, 0, 33;
    %ix/vec4 4;
    %store/vec4a v0x5582c0638af0, 4, 0;
    %load/vec4 v0x5582c0638d30_0;
    %parti/s 8, 8, 5;
    %load/vec4 v0x5582c06385e0_0;
    %pad/u 33;
    %addi 2, 0, 33;
    %ix/vec4 4;
    %store/vec4a v0x5582c0638af0, 4, 0;
    %load/vec4 v0x5582c0638d30_0;
    %parti/s 8, 0, 2;
    %load/vec4 v0x5582c06385e0_0;
    %pad/u 33;
    %addi 3, 0, 33;
    %ix/vec4 4;
    %store/vec4a v0x5582c0638af0, 4, 0;
T_9.6 ;
T_9.5 ;
T_9.3 ;
    %vpi_call 5 56 "$writememb", "data_mem.txt", v0x5582c0638af0 {0 0 0};
T_9.0 ;
    %jmp T_9;
    .thread T_9;
    .scope S_0x5582c06383b0;
T_10 ;
    %wait E_0x5582c05b8fc0;
    %load/vec4 v0x5582c0638940_0;
    %flag_set/vec4 8;
    %jmp/0xz  T_10.0, 8;
    %ix/getv 4, v0x5582c06385e0_0;
    %load/vec4a v0x5582c0638af0, 4;
    %load/vec4 v0x5582c06385e0_0;
    %pad/u 33;
    %addi 1, 0, 33;
    %ix/vec4 4;
    %load/vec4a v0x5582c0638af0, 4;
    %concat/vec4; draw_concat_vec4
    %load/vec4 v0x5582c06385e0_0;
    %pad/u 33;
    %addi 2, 0, 33;
    %ix/vec4 4;
    %load/vec4a v0x5582c0638af0, 4;
    %concat/vec4; draw_concat_vec4
    %load/vec4 v0x5582c06385e0_0;
    %pad/u 33;
    %addi 3, 0, 33;
    %ix/vec4 4;
    %load/vec4a v0x5582c0638af0, 4;
    %concat/vec4; draw_concat_vec4
    %store/vec4 v0x5582c0638c70_0, 0, 32;
T_10.0 ;
    %jmp T_10;
    .thread T_10, $push;
    .scope S_0x5582c05f0f60;
T_11 ;
    %wait E_0x5582c05b88e0;
    %pushi/vec4 0, 0, 1;
    %store/vec4 v0x5582c0613380_0, 0, 1;
    %load/vec4 v0x5582c0638110_0;
    %store/vec4 v0x5582c0637bd0_0, 0, 32;
    %load/vec4 v0x5582c06381f0_0;
    %store/vec4 v0x5582c0637cb0_0, 0, 32;
    %load/vec4 v0x5582c0637f50_0;
    %parti/s 1, 15, 5;
    %replicate 16;
    %load/vec4 v0x5582c0637f50_0;
    %concat/vec4; draw_concat_vec4
    %store/vec4 v0x5582c0637af0_0, 0, 32;
    %pushi/vec4 0, 0, 16;
    %load/vec4 v0x5582c0637f50_0;
    %concat/vec4; draw_concat_vec4
    %store/vec4 v0x5582c0637d90_0, 0, 32;
    %load/vec4 v0x5582c0637f50_0;
    %parti/s 1, 15, 5;
    %replicate 14;
    %load/vec4 v0x5582c0637f50_0;
    %concat/vec4; draw_concat_vec4
    %concati/vec4 0, 0, 2;
    %store/vec4 v0x5582c06137d0_0, 0, 32;
    %load/vec4 v0x5582c0638030_0;
    %cmpi/e 0, 0, 6;
    %jmp/0xz  T_11.0, 4;
    %load/vec4 v0x5582c0637e70_0;
    %cmpi/e 32, 0, 6;
    %jmp/0xz  T_11.2, 4;
    %load/vec4 v0x5582c0637bd0_0;
    %load/vec4 v0x5582c0637cb0_0;
    %add;
    %store/vec4 v0x5582c06103b0_0, 0, 32;
T_11.2 ;
    %load/vec4 v0x5582c0637e70_0;
    %cmpi/e 34, 0, 6;
    %jmp/0xz  T_11.4, 4;
    %load/vec4 v0x5582c0637bd0_0;
    %load/vec4 v0x5582c0637cb0_0;
    %sub;
    %store/vec4 v0x5582c06103b0_0, 0, 32;
T_11.4 ;
    %load/vec4 v0x5582c0637e70_0;
    %cmpi/e 36, 0, 6;
    %jmp/0xz  T_11.6, 4;
    %load/vec4 v0x5582c0638110_0;
    %load/vec4 v0x5582c06381f0_0;
    %and;
    %store/vec4 v0x5582c06103b0_0, 0, 32;
T_11.6 ;
    %load/vec4 v0x5582c0637e70_0;
    %cmpi/e 39, 0, 6;
    %jmp/0xz  T_11.8, 4;
    %load/vec4 v0x5582c0638110_0;
    %load/vec4 v0x5582c06381f0_0;
    %nor;
    %store/vec4 v0x5582c06103b0_0, 0, 32;
T_11.8 ;
    %load/vec4 v0x5582c0637e70_0;
    %cmpi/e 37, 0, 6;
    %jmp/0xz  T_11.10, 4;
    %load/vec4 v0x5582c0638110_0;
    %load/vec4 v0x5582c06381f0_0;
    %or;
    %store/vec4 v0x5582c06103b0_0, 0, 32;
T_11.10 ;
    %load/vec4 v0x5582c0637e70_0;
    %cmpi/e 42, 0, 6;
    %jmp/0xz  T_11.12, 4;
    %load/vec4 v0x5582c0638110_0;
    %load/vec4 v0x5582c06381f0_0;
    %cmp/u;
    %flag_mov 8, 5;
    %jmp/0 T_11.14, 8;
    %pushi/vec4 1, 0, 32;
    %jmp/1 T_11.15, 8;
T_11.14 ; End of true expr.
    %pushi/vec4 0, 0, 32;
    %jmp/0 T_11.15, 8;
 ; End of false expr.
    %blend;
T_11.15;
    %store/vec4 v0x5582c06103b0_0, 0, 32;
T_11.12 ;
    %jmp T_11.1;
T_11.0 ;
    %load/vec4 v0x5582c0638030_0;
    %cmpi/e 8, 0, 6;
    %jmp/0xz  T_11.16, 4;
    %load/vec4 v0x5582c0637bd0_0;
    %load/vec4 v0x5582c0637af0_0;
    %add;
    %store/vec4 v0x5582c06103b0_0, 0, 32;
    %jmp T_11.17;
T_11.16 ;
    %load/vec4 v0x5582c0638030_0;
    %cmpi/e 12, 0, 6;
    %jmp/0xz  T_11.18, 4;
    %load/vec4 v0x5582c0638110_0;
    %load/vec4 v0x5582c0637d90_0;
    %and;
    %store/vec4 v0x5582c06103b0_0, 0, 32;
    %jmp T_11.19;
T_11.18 ;
    %load/vec4 v0x5582c0638030_0;
    %cmpi/e 13, 0, 6;
    %jmp/0xz  T_11.20, 4;
    %load/vec4 v0x5582c0638110_0;
    %load/vec4 v0x5582c0637d90_0;
    %or;
    %store/vec4 v0x5582c06103b0_0, 0, 32;
    %jmp T_11.21;
T_11.20 ;
    %load/vec4 v0x5582c0638030_0;
    %cmpi/e 10, 0, 6;
    %jmp/0xz  T_11.22, 4;
    %load/vec4 v0x5582c0637bd0_0;
    %load/vec4 v0x5582c0637af0_0;
    %cmp/s;
    %flag_mov 8, 5;
    %jmp/0 T_11.24, 8;
    %pushi/vec4 1, 0, 32;
    %jmp/1 T_11.25, 8;
T_11.24 ; End of true expr.
    %pushi/vec4 0, 0, 32;
    %jmp/0 T_11.25, 8;
 ; End of false expr.
    %blend;
T_11.25;
    %store/vec4 v0x5582c06103b0_0, 0, 32;
    %jmp T_11.23;
T_11.22 ;
    %load/vec4 v0x5582c0638030_0;
    %cmpi/e 4, 0, 6;
    %jmp/0xz  T_11.26, 4;
    %load/vec4 v0x5582c0637bd0_0;
    %load/vec4 v0x5582c0637cb0_0;
    %cmp/e;
    %jmp/0xz  T_11.28, 4;
    %pushi/vec4 1, 0, 1;
    %store/vec4 v0x5582c0613380_0, 0, 1;
    %load/vec4 v0x5582c06137d0_0;
    %store/vec4 v0x5582c06103b0_0, 0, 32;
    %jmp T_11.29;
T_11.28 ;
    %pushi/vec4 0, 0, 1;
    %store/vec4 v0x5582c0613380_0, 0, 1;
T_11.29 ;
    %jmp T_11.27;
T_11.26 ;
    %load/vec4 v0x5582c0638030_0;
    %cmpi/e 5, 0, 6;
    %jmp/0xz  T_11.30, 4;
    %load/vec4 v0x5582c0637bd0_0;
    %load/vec4 v0x5582c0637cb0_0;
    %cmp/ne;
    %jmp/0xz  T_11.32, 4;
    %pushi/vec4 1, 0, 1;
    %store/vec4 v0x5582c0613380_0, 0, 1;
    %load/vec4 v0x5582c06137d0_0;
    %store/vec4 v0x5582c06103b0_0, 0, 32;
    %jmp T_11.33;
T_11.32 ;
    %pushi/vec4 0, 0, 1;
    %store/vec4 v0x5582c0613380_0, 0, 1;
T_11.33 ;
    %jmp T_11.31;
T_11.30 ;
    %load/vec4 v0x5582c0638030_0;
    %cmpi/e 1, 0, 6;
    %jmp/0xz  T_11.34, 4;
    %pushi/vec4 0, 0, 32;
    %load/vec4 v0x5582c0637bd0_0;
    %cmp/u;
    %flag_or 5, 4;
    %jmp/0xz  T_11.36, 5;
    %pushi/vec4 1, 0, 1;
    %store/vec4 v0x5582c0613380_0, 0, 1;
    %load/vec4 v0x5582c06137d0_0;
    %store/vec4 v0x5582c06103b0_0, 0, 32;
    %jmp T_11.37;
T_11.36 ;
    %pushi/vec4 0, 0, 1;
    %store/vec4 v0x5582c0613380_0, 0, 1;
T_11.37 ;
    %jmp T_11.35;
T_11.34 ;
    %load/vec4 v0x5582c0638030_0;
    %cmpi/e 40, 0, 6;
    %jmp/0xz  T_11.38, 4;
    %load/vec4 v0x5582c0637bd0_0;
    %load/vec4 v0x5582c0637af0_0;
    %add;
    %store/vec4 v0x5582c06103b0_0, 0, 32;
    %jmp T_11.39;
T_11.38 ;
    %load/vec4 v0x5582c0638030_0;
    %cmpi/e 41, 0, 6;
    %jmp/0xz  T_11.40, 4;
    %load/vec4 v0x5582c0637bd0_0;
    %load/vec4 v0x5582c0637af0_0;
    %add;
    %store/vec4 v0x5582c06103b0_0, 0, 32;
    %jmp T_11.41;
T_11.40 ;
    %load/vec4 v0x5582c0638030_0;
    %cmpi/e 43, 0, 6;
    %jmp/0xz  T_11.42, 4;
    %load/vec4 v0x5582c0637bd0_0;
    %load/vec4 v0x5582c0637af0_0;
    %add;
    %store/vec4 v0x5582c06103b0_0, 0, 32;
    %jmp T_11.43;
T_11.42 ;
    %load/vec4 v0x5582c0638030_0;
    %cmpi/e 32, 0, 6;
    %jmp/0xz  T_11.44, 4;
    %load/vec4 v0x5582c0637bd0_0;
    %load/vec4 v0x5582c0637af0_0;
    %add;
    %store/vec4 v0x5582c06103b0_0, 0, 32;
    %jmp T_11.45;
T_11.44 ;
    %load/vec4 v0x5582c0638030_0;
    %cmpi/e 33, 0, 6;
    %jmp/0xz  T_11.46, 4;
    %load/vec4 v0x5582c0637bd0_0;
    %load/vec4 v0x5582c0637af0_0;
    %add;
    %store/vec4 v0x5582c06103b0_0, 0, 32;
    %jmp T_11.47;
T_11.46 ;
    %load/vec4 v0x5582c0638030_0;
    %cmpi/e 35, 0, 6;
    %jmp/0xz  T_11.48, 4;
    %load/vec4 v0x5582c0637bd0_0;
    %load/vec4 v0x5582c0637af0_0;
    %add;
    %store/vec4 v0x5582c06103b0_0, 0, 32;
T_11.48 ;
T_11.47 ;
T_11.45 ;
T_11.43 ;
T_11.41 ;
T_11.39 ;
T_11.35 ;
T_11.31 ;
T_11.27 ;
T_11.23 ;
T_11.21 ;
T_11.19 ;
T_11.17 ;
T_11.1 ;
    %jmp T_11;
    .thread T_11, $push;
    .scope S_0x5582c063b690;
T_12 ;
    %wait E_0x5582c063b8b0;
    %pushi/vec4 0, 0, 1;
    %store/vec4 v0x5582c063bc30_0, 0, 1;
    %pushi/vec4 0, 0, 1;
    %store/vec4 v0x5582c063bb60_0, 0, 1;
    %pushi/vec4 0, 0, 1;
    %store/vec4 v0x5582c063b9f0_0, 0, 1;
    %pushi/vec4 0, 0, 1;
    %store/vec4 v0x5582c063ba90_0, 0, 1;
    %pushi/vec4 0, 0, 1;
    %store/vec4 v0x5582c063b930_0, 0, 1;
    %pushi/vec4 0, 0, 1;
    %store/vec4 v0x5582c063c020_0, 0, 1;
    %pushi/vec4 1, 0, 1;
    %store/vec4 v0x5582c063bf80_0, 0, 1;
    %load/vec4 v0x5582c063be30_0;
    %cmpi/e 0, 0, 6;
    %jmp/0xz  T_12.0, 4;
    %pushi/vec4 1, 0, 1;
    %store/vec4 v0x5582c063bb60_0, 0, 1;
    %load/vec4 v0x5582c063bd20_0;
    %cmpi/ne 8, 0, 6;
    %jmp/0xz  T_12.2, 4;
    %pushi/vec4 0, 0, 1;
    %store/vec4 v0x5582c063bf80_0, 0, 1;
    %pushi/vec4 1, 0, 1;
    %store/vec4 v0x5582c063bc30_0, 0, 1;
T_12.2 ;
    %jmp T_12.1;
T_12.0 ;
    %load/vec4 v0x5582c063be30_0;
    %pushi/vec4 32, 0, 6;
    %cmp/e;
    %flag_get/vec4 4;
    %load/vec4 v0x5582c063be30_0;
    %pushi/vec4 33, 0, 6;
    %cmp/e;
    %flag_get/vec4 4;
    %or;
    %load/vec4 v0x5582c063be30_0;
    %pushi/vec4 35, 0, 6;
    %cmp/e;
    %flag_get/vec4 4;
    %or;
    %flag_set/vec4 8;
    %jmp/0xz  T_12.4, 8;
    %pushi/vec4 1, 0, 1;
    %store/vec4 v0x5582c063b9f0_0, 0, 1;
    %pushi/vec4 1, 0, 1;
    %store/vec4 v0x5582c063c020_0, 0, 1;
    %pushi/vec4 1, 0, 1;
    %store/vec4 v0x5582c063bc30_0, 0, 1;
    %jmp T_12.5;
T_12.4 ;
    %load/vec4 v0x5582c063be30_0;
    %pushi/vec4 40, 0, 6;
    %cmp/e;
    %flag_get/vec4 4;
    %load/vec4 v0x5582c063be30_0;
    %pushi/vec4 41, 0, 6;
    %cmp/e;
    %flag_get/vec4 4;
    %or;
    %load/vec4 v0x5582c063be30_0;
    %pushi/vec4 43, 0, 6;
    %cmp/e;
    %flag_get/vec4 4;
    %or;
    %flag_set/vec4 8;
    %jmp/0xz  T_12.6, 8;
    %pushi/vec4 1, 0, 1;
    %store/vec4 v0x5582c063ba90_0, 0, 1;
    %pushi/vec4 1, 0, 1;
    %store/vec4 v0x5582c063bb60_0, 0, 1;
    %jmp T_12.7;
T_12.6 ;
    %load/vec4 v0x5582c063be30_0;
    %pushi/vec4 8, 0, 6;
    %cmp/e;
    %flag_get/vec4 4;
    %load/vec4 v0x5582c063be30_0;
    %pushi/vec4 12, 0, 6;
    %cmp/e;
    %flag_get/vec4 4;
    %or;
    %load/vec4 v0x5582c063be30_0;
    %pushi/vec4 13, 0, 6;
    %cmp/e;
    %flag_get/vec4 4;
    %or;
    %load/vec4 v0x5582c063be30_0;
    %pushi/vec4 10, 0, 6;
    %cmp/e;
    %flag_get/vec4 4;
    %or;
    %flag_set/vec4 8;
    %jmp/0xz  T_12.8, 8;
    %pushi/vec4 1, 0, 1;
    %store/vec4 v0x5582c063bb60_0, 0, 1;
    %pushi/vec4 1, 0, 1;
    %store/vec4 v0x5582c063bc30_0, 0, 1;
    %jmp T_12.9;
T_12.8 ;
    %load/vec4 v0x5582c063be30_0;
    %cmpi/e 15, 0, 6;
    %jmp/0xz  T_12.10, 4;
    %pushi/vec4 1, 0, 1;
    %store/vec4 v0x5582c063bc30_0, 0, 1;
    %jmp T_12.11;
T_12.10 ;
    %load/vec4 v0x5582c063be30_0;
    %cmpi/e 3, 0, 6;
    %jmp/0xz  T_12.12, 4;
    %pushi/vec4 1, 0, 1;
    %store/vec4 v0x5582c063bc30_0, 0, 1;
T_12.12 ;
T_12.11 ;
T_12.9 ;
T_12.7 ;
T_12.5 ;
T_12.1 ;
    %jmp T_12;
    .thread T_12, $push;
    .scope S_0x5582c063b690;
T_13 ;
    %vpi_call 10 64 "$monitor", "SIGNALS |> RegWrite: %b - RegRead: %b - MemRead: %b - MemWrite: %b - Branch: %b - toReg: %b", v0x5582c063bc30_0, v0x5582c063bb60_0, v0x5582c063b9f0_0, v0x5582c063ba90_0, v0x5582c063b930_0, v0x5582c063c020_0 {0 0 0};
    %end;
    .thread T_13;
    .scope S_0x5582c063af60;
T_14 ;
    %wait E_0x5582c063b110;
    %load/vec4 v0x5582c063b520_0;
    %cmpi/e 0, 0, 1;
    %jmp/0xz  T_14.0, 4;
    %load/vec4 v0x5582c063b190_0;
    %store/vec4 v0x5582c063b450_0, 0, 32;
    %jmp T_14.1;
T_14.0 ;
    %load/vec4 v0x5582c063b520_0;
    %cmpi/e 1, 0, 1;
    %jmp/0xz  T_14.2, 4;
    %load/vec4 v0x5582c063b380_0;
    %store/vec4 v0x5582c063b450_0, 0, 32;
T_14.2 ;
T_14.1 ;
    %jmp T_14;
    .thread T_14, $push;
    .scope S_0x5582c06152b0;
T_15 ;
    %pushi/vec4 0, 0, 32;
    %store/vec4 v0x5582c063c570_0, 0, 32;
    %end;
    .thread T_15;
    .scope S_0x5582c06152b0;
T_16 ;
    %wait E_0x5582c06390f0;
    %load/vec4 v0x5582c063ce60_0;
    %pushi/vec4 0, 0, 6;
    %cmp/e;
    %flag_get/vec4 4;
    %load/vec4 v0x5582c063c9c0_0;
    %pushi/vec4 8, 0, 6;
    %cmp/e;
    %flag_get/vec4 4;
    %and;
    %flag_set/vec4 8;
    %jmp/0xz  T_16.0, 8;
    %load/vec4 v0x5582c063d180_0;
    %store/vec4 v0x5582c063c570_0, 0, 32;
    %jmp T_16.1;
T_16.0 ;
    %load/vec4 v0x5582c063ce60_0;
    %pushi/vec4 2, 0, 6;
    %cmp/e;
    %flag_get/vec4 4;
    %load/vec4 v0x5582c063ce60_0;
    %pushi/vec4 3, 0, 6;
    %cmp/e;
    %flag_get/vec4 4;
    %or;
    %flag_set/vec4 8;
    %jmp/0xz  T_16.2, 8;
    %load/vec4 v0x5582c063c570_0;
    %addi 4, 0, 32;
    %store/vec4 v0x5582c063c570_0, 0, 32;
    %load/vec4 v0x5582c063c570_0;
    %parti/s 4, 28, 6;
    %load/vec4 v0x5582c063c7f0_0;
    %concat/vec4; draw_concat_vec4
    %concati/vec4 0, 0, 2;
    %store/vec4 v0x5582c063c570_0, 0, 32;
    %jmp T_16.3;
T_16.2 ;
    %load/vec4 v0x5582c063c310_0;
    %cmpi/e 1, 0, 1;
    %jmp/0xz  T_16.4, 4;
    %load/vec4 v0x5582c063c570_0;
    %addi 4, 0, 32;
    %load/vec4 v0x5582c063d640_0;
    %add;
    %store/vec4 v0x5582c063c570_0, 0, 32;
    %jmp T_16.5;
T_16.4 ;
    %load/vec4 v0x5582c063c570_0;
    %addi 4, 0, 32;
    %store/vec4 v0x5582c063c570_0, 0, 32;
T_16.5 ;
T_16.3 ;
T_16.1 ;
    %jmp T_16;
    .thread T_16;
    .scope S_0x5582c06152b0;
T_17 ;
    %vpi_call 3 62 "$monitor", "PC: %b - Instruction: %b - opcode: %b - rs: %b - rt: %b - rd: %b\012funct: %b - immediate: %b - address: %b - mem_read_data: %b - ALU_result: %b\012SIGNALS |> RegWrite: %b - RegRead: %b - MemRead: %b - MemWrite: %b - Branch: %b - toReg: %b - rt_rd: %b", v0x5582c063c570_0, v0x5582c063cb90_0, v0x5582c063ce60_0, v0x5582c063d090_0, v0x5582c063d290_0, v0x5582c063cf00_0, v0x5582c063c9c0_0, v0x5582c063ca60_0, v0x5582c063c7f0_0, v0x5582c063cd70_0, v0x5582c063c230_0, v0x5582c063c750_0, v0x5582c063c660_0, v0x5582c063c3d0_0, v0x5582c063c4a0_0, v0x5582c063c310_0, v0x5582c063d550_0, v0x5582c063d3a0_0 {0 0 0};
    %end;
    .thread T_17;
    .scope S_0x5582c0615130;
T_18 ;
    %pushi/vec4 0, 0, 1;
    %store/vec4 v0x5582c063d790_0, 0, 1;
    %end;
    .thread T_18;
# The file index is used to find the file name in the following table.
:file_names 11;
    "N/A";
    "<interactive>";
    "testbench.v";
    "datapath.v";
    "ALU.v";
    "dataMemory.v";
    "registers.v";
    "instructionMemory.v";
    "instruction_process.v";
    "memToReg.v";
    "controlUnit.v";
